<?xml version="1.0" encoding="UTF-8"?>
<testng-results skipped="0" failed="0" ignored="0" total="1" passed="1">
  <reporter-output>
  </reporter-output>
  <suite name="Default suite" duration-ms="39510" started-at="2022-09-02T11:30:04 EDT" finished-at="2022-09-02T11:30:43 EDT">
    <groups>
    </groups>
    <test name="Default test" duration-ms="39510" started-at="2022-09-02T11:30:04 EDT" finished-at="2022-09-02T11:30:43 EDT">
      <class name="ui.Wikipedia">
        <test-method status="PASS" signature="wiki_Link_Check()[pri:0, instance:ui.Wikipedia@6ec8211c]" name="wiki_Link_Check" duration-ms="39482" started-at="2022-09-02T11:30:04 EDT" finished-at="2022-09-02T11:30:43 EDT">
          <reporter-output>
          </reporter-output>
        </test-method> <!-- wiki_Link_Check -->
      </class> <!-- ui.Wikipedia -->
    </test> <!-- Default test -->
  </suite> <!-- Default suite -->
</testng-results>
